<?xml version="1.0" encoding="UTF-8"?>
<testng-results skipped="0" failed="0" ignored="0" total="1" passed="1">
  <reporter-output>
  </reporter-output>
  <suite name="Default suite" duration-ms="15597" started-at="2017-12-27T10:26:10Z" finished-at="2017-12-27T10:26:25Z">
    <groups>
    </groups>
    <test name="Default test" duration-ms="15597" started-at="2017-12-27T10:26:10Z" finished-at="2017-12-27T10:26:25Z">
      <class name="script.Homepage">
        <test-method status="PASS" signature="openapplication()[pri:0, instance:script.Homepage@145eaa29]" name="openapplication" is-config="true" duration-ms="9851" started-at="2017-12-27T15:56:10Z" finished-at="2017-12-27T15:56:19Z">
          <reporter-output>
          </reporter-output>
        </test-method> <!-- openapplication -->
        <test-method status="PASS" signature="verifyDemopageTitle()[pri:1, instance:script.Homepage@145eaa29]" name="verifyDemopageTitle" duration-ms="5569" started-at="2017-12-27T15:56:19Z" finished-at="2017-12-27T15:56:25Z">
          <reporter-output>
          </reporter-output>
        </test-method> <!-- verifyDemopageTitle -->
        <test-method status="PASS" signature="lieee(org.testng.ITestResult)[pri:0, instance:script.Homepage@145eaa29]" name="lieee" is-config="true" duration-ms="164" started-at="2017-12-27T15:56:25Z" finished-at="2017-12-27T15:56:25Z">
          <params>
            <param index="0">
              <value>
                <![CDATA[[TestResult name=verifyDemopageTitle status=SUCCESS method=Homepage.verifyDemopageTitle()[pri:1, instance:script.Homepage@145eaa29] output={null}]]]>
              </value>
            </param>
          </params>
          <reporter-output>
          </reporter-output>
        </test-method> <!-- lieee -->
      </class> <!-- script.Homepage -->
    </test> <!-- Default test -->
  </suite> <!-- Default suite -->
</testng-results>
